

============================== 2022-08-01 18:49:49.596535 | 4d1ad927-d6f6-432b-bcc0-2b51ec163849 ==============================
[0m18:49:49.596542 [info ] [MainThread]: Running with dbt=1.2.0
[0m18:49:49.596956 [debug] [MainThread]: running dbt with arguments {'write_json': True, 'use_colors': True, 'printer_width': 80, 'version_check': True, 'partial_parse': True, 'static_parser': True, 'profiles_dir': '/Users/armin.efendic/.dbt', 'send_anonymous_usage_stats': True, 'event_buffer_size': 100000, 'quiet': False, 'no_print': False, 'which': 'deps', 'rpc_method': 'deps', 'indirect_selection': 'eager'}
[0m18:49:49.597027 [debug] [MainThread]: Tracking: tracking
[0m18:49:49.611588 [debug] [MainThread]: Sending event: {'category': 'dbt', 'action': 'invocation', 'label': 'start', 'context': [<snowplow_tracker.self_describing_json.SelfDescribingJson object at 0x1065ec700>, <snowplow_tracker.self_describing_json.SelfDescribingJson object at 0x106621ab0>, <snowplow_tracker.self_describing_json.SelfDescribingJson object at 0x106620130>]}
[0m18:49:49.613355 [debug] [MainThread]: Set downloads directory='/var/folders/v4/htw9jq0j72q88vcnrb_wymsr0000gp/T/dbt-downloads-sri7t7yi'
[0m18:49:49.613712 [debug] [MainThread]: Making package index registry request: GET https://hub.getdbt.com/api/v1/index.json
[0m18:49:49.726406 [debug] [MainThread]: Response from registry index: GET https://hub.getdbt.com/api/v1/index.json 200
[0m18:49:49.726669 [debug] [MainThread]: Making package registry request: GET https://hub.getdbt.com/api/v1/fivetran/fivetran_log.json
[0m18:49:49.815847 [debug] [MainThread]: Response from registry: GET https://hub.getdbt.com/api/v1/fivetran/fivetran_log.json 200
[0m18:49:49.818750 [debug] [MainThread]: Making package registry request: GET https://hub.getdbt.com/api/v1/fivetran/fivetran_utils.json
[0m18:49:49.873643 [debug] [MainThread]: Response from registry: GET https://hub.getdbt.com/api/v1/fivetran/fivetran_utils.json 200
[0m18:49:49.884221 [debug] [MainThread]: Making package registry request: GET https://hub.getdbt.com/api/v1/dbt-labs/spark_utils.json
[0m18:49:49.940733 [debug] [MainThread]: Response from registry: GET https://hub.getdbt.com/api/v1/dbt-labs/spark_utils.json 200
[0m18:49:49.943392 [debug] [MainThread]: Making package registry request: GET https://hub.getdbt.com/api/v1/dbt-labs/dbt_utils.json
[0m18:49:50.001193 [debug] [MainThread]: Response from registry: GET https://hub.getdbt.com/api/v1/dbt-labs/dbt_utils.json 200
[0m18:49:50.054519 [info ] [MainThread]: Installing fivetran/fivetran_log
[0m18:49:50.594342 [info ] [MainThread]:   Installed from version 0.6.1
[0m18:49:50.594633 [info ] [MainThread]:   Up to date!
[0m18:49:50.594828 [debug] [MainThread]: Sending event: {'category': 'dbt', 'action': 'package', 'label': '4d1ad927-d6f6-432b-bcc0-2b51ec163849', 'property_': 'install', 'context': [<snowplow_tracker.self_describing_json.SelfDescribingJson object at 0x1065ed600>, <snowplow_tracker.self_describing_json.SelfDescribingJson object at 0x1065eec20>]}
[0m18:49:50.594995 [info ] [MainThread]: Installing fivetran/fivetran_utils
[0m18:49:50.824231 [info ] [MainThread]:   Installed from version 0.3.8
[0m18:49:50.824585 [info ] [MainThread]:   Up to date!
[0m18:49:50.824805 [debug] [MainThread]: Sending event: {'category': 'dbt', 'action': 'package', 'label': '4d1ad927-d6f6-432b-bcc0-2b51ec163849', 'property_': 'install', 'context': [<snowplow_tracker.self_describing_json.SelfDescribingJson object at 0x1066b4910>, <snowplow_tracker.self_describing_json.SelfDescribingJson object at 0x1066b48b0>]}
[0m18:49:50.824999 [info ] [MainThread]: Installing dbt-labs/spark_utils
[0m18:49:51.052740 [info ] [MainThread]:   Installed from version 0.3.0
[0m18:49:51.053093 [info ] [MainThread]:   Up to date!
[0m18:49:51.053330 [debug] [MainThread]: Sending event: {'category': 'dbt', 'action': 'package', 'label': '4d1ad927-d6f6-432b-bcc0-2b51ec163849', 'property_': 'install', 'context': [<snowplow_tracker.self_describing_json.SelfDescribingJson object at 0x1066c4940>, <snowplow_tracker.self_describing_json.SelfDescribingJson object at 0x1066c4dc0>]}
[0m18:49:51.053570 [info ] [MainThread]: Installing dbt-labs/dbt_utils
[0m18:49:51.436720 [info ] [MainThread]:   Installed from version 0.8.6
[0m18:49:51.436910 [info ] [MainThread]:   Up to date!
[0m18:49:51.437049 [debug] [MainThread]: Sending event: {'category': 'dbt', 'action': 'package', 'label': '4d1ad927-d6f6-432b-bcc0-2b51ec163849', 'property_': 'install', 'context': [<snowplow_tracker.self_describing_json.SelfDescribingJson object at 0x1066c5090>, <snowplow_tracker.self_describing_json.SelfDescribingJson object at 0x1066c43a0>]}
[0m18:49:51.438267 [debug] [MainThread]: Sending event: {'category': 'dbt', 'action': 'invocation', 'label': 'end', 'context': [<snowplow_tracker.self_describing_json.SelfDescribingJson object at 0x1066b5180>, <snowplow_tracker.self_describing_json.SelfDescribingJson object at 0x1066b4580>, <snowplow_tracker.self_describing_json.SelfDescribingJson object at 0x1066b50c0>]}
